INFO [2025-07-09 11:02:07] $x
INFO [2025-07-09 11:02:07] gene_sets
INFO [2025-07-09 11:02:07] 
INFO [2025-07-09 11:02:07] $filename
INFO [2025-07-09 11:02:07] if (save_file) filename else NULL
INFO [2025-07-09 11:02:07] 
INFO [2025-07-09 11:02:07] $fill
INFO [2025-07-09 11:02:07] set2_colors
INFO [2025-07-09 11:02:07] 
INFO [2025-07-09 11:02:07] $alpha
INFO [2025-07-09 11:02:07] [1] 0.6
INFO [2025-07-09 11:02:07] 
INFO [2025-07-09 11:02:07] $cex
INFO [2025-07-09 11:02:07] [1] 1.5
INFO [2025-07-09 11:02:07] 
INFO [2025-07-09 11:02:07] $cat.cex
INFO [2025-07-09 11:02:07] [1] 1.5
INFO [2025-07-09 11:02:07] 
INFO [2025-07-09 11:02:07] $cat.pos
INFO [2025-07-09 11:02:07] [1] 0
INFO [2025-07-09 11:02:07] 
INFO [2025-07-09 11:02:07] $cat.dist
INFO [2025-07-09 11:02:07] [1] 0.05
INFO [2025-07-09 11:02:07] 
INFO [2025-07-09 11:02:07] $margin
INFO [2025-07-09 11:02:07] [1] 0.1
INFO [2025-07-09 11:02:07] 
INFO [2025-07-09 11:02:07] $x
INFO [2025-07-09 11:02:07] gene_sets
INFO [2025-07-09 11:02:07] 
INFO [2025-07-09 11:02:07] $filename
INFO [2025-07-09 11:02:07] if (save_file) filename else NULL
INFO [2025-07-09 11:02:07] 
INFO [2025-07-09 11:02:07] $fill
INFO [2025-07-09 11:02:07] set2_colors
INFO [2025-07-09 11:02:07] 
INFO [2025-07-09 11:02:07] $alpha
INFO [2025-07-09 11:02:07] [1] 0.6
INFO [2025-07-09 11:02:07] 
INFO [2025-07-09 11:02:07] $cex
INFO [2025-07-09 11:02:07] [1] 1.5
INFO [2025-07-09 11:02:07] 
INFO [2025-07-09 11:02:07] $cat.cex
INFO [2025-07-09 11:02:07] [1] 1.5
INFO [2025-07-09 11:02:07] 
INFO [2025-07-09 11:02:07] $cat.pos
INFO [2025-07-09 11:02:07] [1] 0
INFO [2025-07-09 11:02:07] 
INFO [2025-07-09 11:02:07] $cat.dist
INFO [2025-07-09 11:02:07] [1] 0.05
INFO [2025-07-09 11:02:07] 
INFO [2025-07-09 11:02:07] $margin
INFO [2025-07-09 11:02:07] [1] 0.1
INFO [2025-07-09 11:02:07] 
