INFO [2025-07-07 15:29:29] $x
INFO [2025-07-07 15:29:29] gene_sets
INFO [2025-07-07 15:29:29] 
INFO [2025-07-07 15:29:29] $filename
INFO [2025-07-07 15:29:29] if (save_file) filename else NULL
INFO [2025-07-07 15:29:29] 
INFO [2025-07-07 15:29:29] $fill
INFO [2025-07-07 15:29:29] set2_colors
INFO [2025-07-07 15:29:29] 
INFO [2025-07-07 15:29:29] $alpha
INFO [2025-07-07 15:29:29] [1] 0.6
INFO [2025-07-07 15:29:29] 
INFO [2025-07-07 15:29:29] $cex
INFO [2025-07-07 15:29:29] [1] 1.5
INFO [2025-07-07 15:29:29] 
INFO [2025-07-07 15:29:29] $cat.cex
INFO [2025-07-07 15:29:29] [1] 1.5
INFO [2025-07-07 15:29:29] 
INFO [2025-07-07 15:29:29] $cat.pos
INFO [2025-07-07 15:29:29] [1] 0
INFO [2025-07-07 15:29:29] 
INFO [2025-07-07 15:29:29] $cat.dist
INFO [2025-07-07 15:29:29] [1] 0.05
INFO [2025-07-07 15:29:29] 
INFO [2025-07-07 15:29:29] $margin
INFO [2025-07-07 15:29:29] [1] 0.1
INFO [2025-07-07 15:29:29] 
INFO [2025-07-07 15:29:29] $x
INFO [2025-07-07 15:29:29] gene_sets
INFO [2025-07-07 15:29:29] 
INFO [2025-07-07 15:29:29] $filename
INFO [2025-07-07 15:29:29] if (save_file) filename else NULL
INFO [2025-07-07 15:29:29] 
INFO [2025-07-07 15:29:29] $fill
INFO [2025-07-07 15:29:29] set2_colors
INFO [2025-07-07 15:29:29] 
INFO [2025-07-07 15:29:29] $alpha
INFO [2025-07-07 15:29:29] [1] 0.6
INFO [2025-07-07 15:29:29] 
INFO [2025-07-07 15:29:29] $cex
INFO [2025-07-07 15:29:29] [1] 1.5
INFO [2025-07-07 15:29:29] 
INFO [2025-07-07 15:29:29] $cat.cex
INFO [2025-07-07 15:29:29] [1] 1.5
INFO [2025-07-07 15:29:29] 
INFO [2025-07-07 15:29:29] $cat.pos
INFO [2025-07-07 15:29:29] [1] 0
INFO [2025-07-07 15:29:29] 
INFO [2025-07-07 15:29:29] $cat.dist
INFO [2025-07-07 15:29:29] [1] 0.05
INFO [2025-07-07 15:29:29] 
INFO [2025-07-07 15:29:29] $margin
INFO [2025-07-07 15:29:29] [1] 0.1
INFO [2025-07-07 15:29:29] 
