INFO [2025-07-02 10:13:23] $x
INFO [2025-07-02 10:13:23] gene_sets
INFO [2025-07-02 10:13:23] 
INFO [2025-07-02 10:13:23] $filename
INFO [2025-07-02 10:13:23] if (save_file) filename else NULL
INFO [2025-07-02 10:13:23] 
INFO [2025-07-02 10:13:23] $fill
INFO [2025-07-02 10:13:23] set2_colors
INFO [2025-07-02 10:13:23] 
INFO [2025-07-02 10:13:23] $alpha
INFO [2025-07-02 10:13:23] [1] 0.6
INFO [2025-07-02 10:13:23] 
INFO [2025-07-02 10:13:23] $cex
INFO [2025-07-02 10:13:23] [1] 1.5
INFO [2025-07-02 10:13:23] 
INFO [2025-07-02 10:13:23] $cat.cex
INFO [2025-07-02 10:13:23] [1] 1.5
INFO [2025-07-02 10:13:23] 
INFO [2025-07-02 10:13:23] $cat.pos
INFO [2025-07-02 10:13:23] [1] 0
INFO [2025-07-02 10:13:23] 
INFO [2025-07-02 10:13:23] $cat.dist
INFO [2025-07-02 10:13:23] [1] 0.05
INFO [2025-07-02 10:13:23] 
INFO [2025-07-02 10:13:23] $margin
INFO [2025-07-02 10:13:23] [1] 0.1
INFO [2025-07-02 10:13:23] 
