INFO [2025-07-02 09:54:02] $x
INFO [2025-07-02 09:54:02] gene_sets
INFO [2025-07-02 09:54:02] 
INFO [2025-07-02 09:54:02] $filename
INFO [2025-07-02 09:54:02] if (save_file) filename else NULL
INFO [2025-07-02 09:54:02] 
INFO [2025-07-02 09:54:02] $fill
INFO [2025-07-02 09:54:02] set2_colors
INFO [2025-07-02 09:54:02] 
INFO [2025-07-02 09:54:02] $alpha
INFO [2025-07-02 09:54:02] [1] 0.6
INFO [2025-07-02 09:54:02] 
INFO [2025-07-02 09:54:02] $cex
INFO [2025-07-02 09:54:02] [1] 1.5
INFO [2025-07-02 09:54:02] 
INFO [2025-07-02 09:54:02] $cat.cex
INFO [2025-07-02 09:54:02] [1] 1.5
INFO [2025-07-02 09:54:02] 
INFO [2025-07-02 09:54:02] $cat.pos
INFO [2025-07-02 09:54:02] [1] 0
INFO [2025-07-02 09:54:02] 
INFO [2025-07-02 09:54:02] $cat.dist
INFO [2025-07-02 09:54:02] [1] 0.05
INFO [2025-07-02 09:54:02] 
INFO [2025-07-02 09:54:02] $margin
INFO [2025-07-02 09:54:02] [1] 0.1
INFO [2025-07-02 09:54:02] 
