INFO [2025-07-09 10:45:48] $x
INFO [2025-07-09 10:45:48] gene_sets
INFO [2025-07-09 10:45:48] 
INFO [2025-07-09 10:45:48] $filename
INFO [2025-07-09 10:45:48] if (save_file) filename else NULL
INFO [2025-07-09 10:45:48] 
INFO [2025-07-09 10:45:48] $fill
INFO [2025-07-09 10:45:48] set2_colors
INFO [2025-07-09 10:45:48] 
INFO [2025-07-09 10:45:48] $alpha
INFO [2025-07-09 10:45:48] [1] 0.6
INFO [2025-07-09 10:45:48] 
INFO [2025-07-09 10:45:48] $cex
INFO [2025-07-09 10:45:48] [1] 1.5
INFO [2025-07-09 10:45:48] 
INFO [2025-07-09 10:45:48] $cat.cex
INFO [2025-07-09 10:45:48] [1] 1.5
INFO [2025-07-09 10:45:48] 
INFO [2025-07-09 10:45:48] $cat.pos
INFO [2025-07-09 10:45:48] [1] 0
INFO [2025-07-09 10:45:48] 
INFO [2025-07-09 10:45:48] $cat.dist
INFO [2025-07-09 10:45:48] [1] 0.05
INFO [2025-07-09 10:45:48] 
INFO [2025-07-09 10:45:48] $margin
INFO [2025-07-09 10:45:48] [1] 0.1
INFO [2025-07-09 10:45:48] 
INFO [2025-07-09 10:45:48] $x
INFO [2025-07-09 10:45:48] gene_sets
INFO [2025-07-09 10:45:48] 
INFO [2025-07-09 10:45:48] $filename
INFO [2025-07-09 10:45:48] if (save_file) filename else NULL
INFO [2025-07-09 10:45:48] 
INFO [2025-07-09 10:45:48] $fill
INFO [2025-07-09 10:45:48] set2_colors
INFO [2025-07-09 10:45:48] 
INFO [2025-07-09 10:45:48] $alpha
INFO [2025-07-09 10:45:48] [1] 0.6
INFO [2025-07-09 10:45:48] 
INFO [2025-07-09 10:45:48] $cex
INFO [2025-07-09 10:45:48] [1] 1.5
INFO [2025-07-09 10:45:48] 
INFO [2025-07-09 10:45:48] $cat.cex
INFO [2025-07-09 10:45:48] [1] 1.5
INFO [2025-07-09 10:45:48] 
INFO [2025-07-09 10:45:48] $cat.pos
INFO [2025-07-09 10:45:48] [1] 0
INFO [2025-07-09 10:45:48] 
INFO [2025-07-09 10:45:48] $cat.dist
INFO [2025-07-09 10:45:48] [1] 0.05
INFO [2025-07-09 10:45:48] 
INFO [2025-07-09 10:45:48] $margin
INFO [2025-07-09 10:45:48] [1] 0.1
INFO [2025-07-09 10:45:48] 
