INFO [2025-07-02 10:20:58] $x
INFO [2025-07-02 10:20:58] gene_sets
INFO [2025-07-02 10:20:58] 
INFO [2025-07-02 10:20:58] $filename
INFO [2025-07-02 10:20:58] if (save_file) filename else NULL
INFO [2025-07-02 10:20:58] 
INFO [2025-07-02 10:20:58] $fill
INFO [2025-07-02 10:20:58] set2_colors
INFO [2025-07-02 10:20:58] 
INFO [2025-07-02 10:20:58] $alpha
INFO [2025-07-02 10:20:58] [1] 0.6
INFO [2025-07-02 10:20:58] 
INFO [2025-07-02 10:20:58] $cex
INFO [2025-07-02 10:20:58] [1] 1.5
INFO [2025-07-02 10:20:58] 
INFO [2025-07-02 10:20:58] $cat.cex
INFO [2025-07-02 10:20:58] [1] 1.5
INFO [2025-07-02 10:20:58] 
INFO [2025-07-02 10:20:58] $cat.pos
INFO [2025-07-02 10:20:58] [1] 0
INFO [2025-07-02 10:20:58] 
INFO [2025-07-02 10:20:58] $cat.dist
INFO [2025-07-02 10:20:58] [1] 0.05
INFO [2025-07-02 10:20:58] 
INFO [2025-07-02 10:20:58] $margin
INFO [2025-07-02 10:20:58] [1] 0.1
INFO [2025-07-02 10:20:58] 
