INFO [2025-07-02 09:55:51] $x
INFO [2025-07-02 09:55:51] gene_sets
INFO [2025-07-02 09:55:51] 
INFO [2025-07-02 09:55:51] $filename
INFO [2025-07-02 09:55:51] if (save_file) filename else NULL
INFO [2025-07-02 09:55:51] 
INFO [2025-07-02 09:55:51] $fill
INFO [2025-07-02 09:55:51] set2_colors
INFO [2025-07-02 09:55:51] 
INFO [2025-07-02 09:55:51] $alpha
INFO [2025-07-02 09:55:51] [1] 0.6
INFO [2025-07-02 09:55:51] 
INFO [2025-07-02 09:55:51] $cex
INFO [2025-07-02 09:55:51] [1] 1.5
INFO [2025-07-02 09:55:51] 
INFO [2025-07-02 09:55:51] $cat.cex
INFO [2025-07-02 09:55:51] [1] 1.5
INFO [2025-07-02 09:55:51] 
INFO [2025-07-02 09:55:51] $cat.pos
INFO [2025-07-02 09:55:51] [1] 0
INFO [2025-07-02 09:55:51] 
INFO [2025-07-02 09:55:51] $cat.dist
INFO [2025-07-02 09:55:51] [1] 0.05
INFO [2025-07-02 09:55:51] 
INFO [2025-07-02 09:55:51] $margin
INFO [2025-07-02 09:55:51] [1] 0.1
INFO [2025-07-02 09:55:51] 
INFO [2025-07-02 09:55:51] $x
INFO [2025-07-02 09:55:51] gene_sets
INFO [2025-07-02 09:55:51] 
INFO [2025-07-02 09:55:51] $filename
INFO [2025-07-02 09:55:51] if (save_file) filename else NULL
INFO [2025-07-02 09:55:51] 
INFO [2025-07-02 09:55:51] $fill
INFO [2025-07-02 09:55:51] set2_colors
INFO [2025-07-02 09:55:51] 
INFO [2025-07-02 09:55:51] $alpha
INFO [2025-07-02 09:55:51] [1] 0.6
INFO [2025-07-02 09:55:51] 
INFO [2025-07-02 09:55:51] $cex
INFO [2025-07-02 09:55:51] [1] 1.5
INFO [2025-07-02 09:55:51] 
INFO [2025-07-02 09:55:51] $cat.cex
INFO [2025-07-02 09:55:51] [1] 1.5
INFO [2025-07-02 09:55:51] 
INFO [2025-07-02 09:55:51] $cat.pos
INFO [2025-07-02 09:55:51] [1] 0
INFO [2025-07-02 09:55:51] 
INFO [2025-07-02 09:55:51] $cat.dist
INFO [2025-07-02 09:55:51] [1] 0.05
INFO [2025-07-02 09:55:51] 
INFO [2025-07-02 09:55:51] $margin
INFO [2025-07-02 09:55:51] [1] 0.1
INFO [2025-07-02 09:55:51] 
