INFO [2025-07-02 09:39:55] $x
INFO [2025-07-02 09:39:55] gene_sets
INFO [2025-07-02 09:39:55] 
INFO [2025-07-02 09:39:55] $filename
INFO [2025-07-02 09:39:55] if (save_file) filename else NULL
INFO [2025-07-02 09:39:55] 
INFO [2025-07-02 09:39:55] $fill
INFO [2025-07-02 09:39:55] set2_colors
INFO [2025-07-02 09:39:55] 
INFO [2025-07-02 09:39:55] $alpha
INFO [2025-07-02 09:39:55] [1] 0.6
INFO [2025-07-02 09:39:55] 
INFO [2025-07-02 09:39:55] $cex
INFO [2025-07-02 09:39:55] [1] 1.5
INFO [2025-07-02 09:39:55] 
INFO [2025-07-02 09:39:55] $cat.cex
INFO [2025-07-02 09:39:55] [1] 1.5
INFO [2025-07-02 09:39:55] 
INFO [2025-07-02 09:39:55] $cat.pos
INFO [2025-07-02 09:39:55] [1] 0
INFO [2025-07-02 09:39:55] 
INFO [2025-07-02 09:39:55] $cat.dist
INFO [2025-07-02 09:39:55] [1] 0.05
INFO [2025-07-02 09:39:55] 
INFO [2025-07-02 09:39:55] $margin
INFO [2025-07-02 09:39:55] [1] 0.1
INFO [2025-07-02 09:39:55] 
