INFO [2025-07-02 10:13:22] $x
INFO [2025-07-02 10:13:22] gene_sets
INFO [2025-07-02 10:13:22] 
INFO [2025-07-02 10:13:22] $filename
INFO [2025-07-02 10:13:22] if (save_file) filename else NULL
INFO [2025-07-02 10:13:22] 
INFO [2025-07-02 10:13:22] $fill
INFO [2025-07-02 10:13:22] set2_colors
INFO [2025-07-02 10:13:22] 
INFO [2025-07-02 10:13:22] $alpha
INFO [2025-07-02 10:13:22] [1] 0.6
INFO [2025-07-02 10:13:22] 
INFO [2025-07-02 10:13:22] $cex
INFO [2025-07-02 10:13:22] [1] 1.5
INFO [2025-07-02 10:13:22] 
INFO [2025-07-02 10:13:22] $cat.cex
INFO [2025-07-02 10:13:22] [1] 1.5
INFO [2025-07-02 10:13:22] 
INFO [2025-07-02 10:13:22] $cat.pos
INFO [2025-07-02 10:13:22] [1] 0
INFO [2025-07-02 10:13:22] 
INFO [2025-07-02 10:13:22] $cat.dist
INFO [2025-07-02 10:13:22] [1] 0.05
INFO [2025-07-02 10:13:22] 
INFO [2025-07-02 10:13:22] $margin
INFO [2025-07-02 10:13:22] [1] 0.1
INFO [2025-07-02 10:13:22] 
