INFO [2025-07-07 14:59:56] $x
INFO [2025-07-07 14:59:56] gene_sets
INFO [2025-07-07 14:59:56] 
INFO [2025-07-07 14:59:56] $filename
INFO [2025-07-07 14:59:56] if (save_file) filename else NULL
INFO [2025-07-07 14:59:56] 
INFO [2025-07-07 14:59:56] $fill
INFO [2025-07-07 14:59:56] set2_colors
INFO [2025-07-07 14:59:56] 
INFO [2025-07-07 14:59:56] $alpha
INFO [2025-07-07 14:59:56] [1] 0.6
INFO [2025-07-07 14:59:56] 
INFO [2025-07-07 14:59:56] $cex
INFO [2025-07-07 14:59:56] [1] 1.5
INFO [2025-07-07 14:59:56] 
INFO [2025-07-07 14:59:56] $cat.cex
INFO [2025-07-07 14:59:56] [1] 1.5
INFO [2025-07-07 14:59:56] 
INFO [2025-07-07 14:59:56] $cat.pos
INFO [2025-07-07 14:59:56] [1] 0
INFO [2025-07-07 14:59:56] 
INFO [2025-07-07 14:59:56] $cat.dist
INFO [2025-07-07 14:59:56] [1] 0.05
INFO [2025-07-07 14:59:56] 
INFO [2025-07-07 14:59:56] $margin
INFO [2025-07-07 14:59:56] [1] 0.1
INFO [2025-07-07 14:59:56] 
INFO [2025-07-07 14:59:56] $x
INFO [2025-07-07 14:59:56] gene_sets
INFO [2025-07-07 14:59:56] 
INFO [2025-07-07 14:59:56] $filename
INFO [2025-07-07 14:59:56] if (save_file) filename else NULL
INFO [2025-07-07 14:59:56] 
INFO [2025-07-07 14:59:56] $fill
INFO [2025-07-07 14:59:56] set2_colors
INFO [2025-07-07 14:59:56] 
INFO [2025-07-07 14:59:56] $alpha
INFO [2025-07-07 14:59:56] [1] 0.6
INFO [2025-07-07 14:59:56] 
INFO [2025-07-07 14:59:56] $cex
INFO [2025-07-07 14:59:56] [1] 1.5
INFO [2025-07-07 14:59:56] 
INFO [2025-07-07 14:59:56] $cat.cex
INFO [2025-07-07 14:59:56] [1] 1.5
INFO [2025-07-07 14:59:56] 
INFO [2025-07-07 14:59:56] $cat.pos
INFO [2025-07-07 14:59:56] [1] 0
INFO [2025-07-07 14:59:56] 
INFO [2025-07-07 14:59:56] $cat.dist
INFO [2025-07-07 14:59:56] [1] 0.05
INFO [2025-07-07 14:59:56] 
INFO [2025-07-07 14:59:56] $margin
INFO [2025-07-07 14:59:56] [1] 0.1
INFO [2025-07-07 14:59:56] 
