INFO [2025-07-02 10:20:59] $x
INFO [2025-07-02 10:20:59] gene_sets
INFO [2025-07-02 10:20:59] 
INFO [2025-07-02 10:20:59] $filename
INFO [2025-07-02 10:20:59] if (save_file) filename else NULL
INFO [2025-07-02 10:20:59] 
INFO [2025-07-02 10:20:59] $fill
INFO [2025-07-02 10:20:59] set2_colors
INFO [2025-07-02 10:20:59] 
INFO [2025-07-02 10:20:59] $alpha
INFO [2025-07-02 10:20:59] [1] 0.6
INFO [2025-07-02 10:20:59] 
INFO [2025-07-02 10:20:59] $cex
INFO [2025-07-02 10:20:59] [1] 1.5
INFO [2025-07-02 10:20:59] 
INFO [2025-07-02 10:20:59] $cat.cex
INFO [2025-07-02 10:20:59] [1] 1.5
INFO [2025-07-02 10:20:59] 
INFO [2025-07-02 10:20:59] $cat.pos
INFO [2025-07-02 10:20:59] [1] 0
INFO [2025-07-02 10:20:59] 
INFO [2025-07-02 10:20:59] $cat.dist
INFO [2025-07-02 10:20:59] [1] 0.05
INFO [2025-07-02 10:20:59] 
INFO [2025-07-02 10:20:59] $margin
INFO [2025-07-02 10:20:59] [1] 0.1
INFO [2025-07-02 10:20:59] 
