INFO [2025-07-02 09:39:54] $x
INFO [2025-07-02 09:39:54] gene_sets
INFO [2025-07-02 09:39:54] 
INFO [2025-07-02 09:39:54] $filename
INFO [2025-07-02 09:39:54] if (save_file) filename else NULL
INFO [2025-07-02 09:39:54] 
INFO [2025-07-02 09:39:54] $fill
INFO [2025-07-02 09:39:54] set2_colors
INFO [2025-07-02 09:39:54] 
INFO [2025-07-02 09:39:54] $alpha
INFO [2025-07-02 09:39:54] [1] 0.6
INFO [2025-07-02 09:39:54] 
INFO [2025-07-02 09:39:54] $cex
INFO [2025-07-02 09:39:54] [1] 1.5
INFO [2025-07-02 09:39:54] 
INFO [2025-07-02 09:39:54] $cat.cex
INFO [2025-07-02 09:39:54] [1] 1.5
INFO [2025-07-02 09:39:54] 
INFO [2025-07-02 09:39:54] $cat.pos
INFO [2025-07-02 09:39:54] [1] 0
INFO [2025-07-02 09:39:54] 
INFO [2025-07-02 09:39:54] $cat.dist
INFO [2025-07-02 09:39:54] [1] 0.05
INFO [2025-07-02 09:39:54] 
INFO [2025-07-02 09:39:54] $margin
INFO [2025-07-02 09:39:54] [1] 0.1
INFO [2025-07-02 09:39:54] 
