INFO [2025-07-02 09:54:03] $x
INFO [2025-07-02 09:54:03] gene_sets
INFO [2025-07-02 09:54:03] 
INFO [2025-07-02 09:54:03] $filename
INFO [2025-07-02 09:54:03] if (save_file) filename else NULL
INFO [2025-07-02 09:54:03] 
INFO [2025-07-02 09:54:03] $fill
INFO [2025-07-02 09:54:03] set2_colors
INFO [2025-07-02 09:54:03] 
INFO [2025-07-02 09:54:03] $alpha
INFO [2025-07-02 09:54:03] [1] 0.6
INFO [2025-07-02 09:54:03] 
INFO [2025-07-02 09:54:03] $cex
INFO [2025-07-02 09:54:03] [1] 1.5
INFO [2025-07-02 09:54:03] 
INFO [2025-07-02 09:54:03] $cat.cex
INFO [2025-07-02 09:54:03] [1] 1.5
INFO [2025-07-02 09:54:03] 
INFO [2025-07-02 09:54:03] $cat.pos
INFO [2025-07-02 09:54:03] [1] 0
INFO [2025-07-02 09:54:03] 
INFO [2025-07-02 09:54:03] $cat.dist
INFO [2025-07-02 09:54:03] [1] 0.05
INFO [2025-07-02 09:54:03] 
INFO [2025-07-02 09:54:03] $margin
INFO [2025-07-02 09:54:03] [1] 0.1
INFO [2025-07-02 09:54:03] 
